2012/06/24 10:42:02 [error] [exception.CHttpException.404] exception 'CHttpException' with message 'Unable to resolve the request "gii".' in C:\wamp\www\framework\web\CWebApplication.php:280
Stack trace:
#0 C:\wamp\www\framework\web\CWebApplication.php(135): CWebApplication->runController('gii')
#1 C:\wamp\www\framework\base\CApplication.php(162): CWebApplication->processRequest()
#2 C:\wamp\www\htdocs\harvweb\index.php(13): CApplication->run()
#3 {main}
REQUEST_URI=/harvweb/?r=gii
---
2012/06/24 10:52:38 [error] [exception.CDbException] exception 'CDbException' with message 'CDbConnection failed to open the DB connection: SQLSTATE[42000] [1049] Unknown database 'harvwe'' in C:\wamp\www\framework\db\CDbConnection.php:382
Stack trace:
#0 C:\wamp\www\framework\db\CDbConnection.php(331): CDbConnection->open()
#1 C:\wamp\www\framework\db\CDbConnection.php(309): CDbConnection->setActive(true)
#2 C:\wamp\www\framework\base\CModule.php(388): CDbConnection->init()
#3 C:\wamp\www\framework\base\CModule.php(104): CModule->getComponent('db')
#4 C:\wamp\www\framework\gii\generators\model\ModelCode.php(54): CModule->__get('db')
#5 C:\wamp\www\framework\web\CFormModel.php(40): ModelCode->init()
#6 C:\wamp\www\framework\gii\CCodeGenerator.php(152): CFormModel->__construct()
#7 C:\wamp\www\framework\gii\CCodeGenerator.php(64): CCodeGenerator->prepare()
#8 C:\wamp\www\framework\web\actions\CInlineAction.php(50): CCodeGenerator->actionIndex()
#9 C:\wamp\www\framework\web\CController.php(309): CInlineAction->runWithParams(Array)
#10 C:\wamp\www\framework\web\CController.php(287): CController->runAction(Object(CInlineAction))
#11 C:\wamp\www\framework\web\CController.php(266): CController->runActionWithFilters(Object(CInlineAction), Array)
#12 C:\wamp\www\framework\web\CWebApplication.php(276): CController->run('')
#13 C:\wamp\www\framework\web\CWebApplication.php(135): CWebApplication->runController('gii/model')
#14 C:\wamp\www\framework\base\CApplication.php(162): CWebApplication->processRequest()
#15 C:\wamp\www\htdocs\harvweb\index.php(13): CApplication->run()
#16 {main}
REQUEST_URI=/harvweb/index.php/gii/model
HTTP_REFERER=http://localhost:8080/harvweb/index.php/gii
---
2012/06/24 10:52:55 [error] [exception.CDbException] exception 'CDbException' with message 'CDbConnection failed to open the DB connection: SQLSTATE[42000] [1049] Unknown database 'harvweb'' in C:\wamp\www\framework\db\CDbConnection.php:382
Stack trace:
#0 C:\wamp\www\framework\db\CDbConnection.php(331): CDbConnection->open()
#1 C:\wamp\www\framework\db\CDbConnection.php(309): CDbConnection->setActive(true)
#2 C:\wamp\www\framework\base\CModule.php(388): CDbConnection->init()
#3 C:\wamp\www\framework\base\CModule.php(104): CModule->getComponent('db')
#4 C:\wamp\www\framework\gii\generators\model\ModelCode.php(54): CModule->__get('db')
#5 C:\wamp\www\framework\web\CFormModel.php(40): ModelCode->init()
#6 C:\wamp\www\framework\gii\CCodeGenerator.php(152): CFormModel->__construct()
#7 C:\wamp\www\framework\gii\CCodeGenerator.php(64): CCodeGenerator->prepare()
#8 C:\wamp\www\framework\web\actions\CInlineAction.php(50): CCodeGenerator->actionIndex()
#9 C:\wamp\www\framework\web\CController.php(309): CInlineAction->runWithParams(Array)
#10 C:\wamp\www\framework\web\CController.php(287): CController->runAction(Object(CInlineAction))
#11 C:\wamp\www\framework\web\CController.php(266): CController->runActionWithFilters(Object(CInlineAction), Array)
#12 C:\wamp\www\framework\web\CWebApplication.php(276): CController->run('')
#13 C:\wamp\www\framework\web\CWebApplication.php(135): CWebApplication->runController('gii/model')
#14 C:\wamp\www\framework\base\CApplication.php(162): CWebApplication->processRequest()
#15 C:\wamp\www\htdocs\harvweb\index.php(13): CApplication->run()
#16 {main}
REQUEST_URI=/harvweb/index.php/gii/model
---
2012/06/24 11:12:56 [error] [exception.CHttpException.404] exception 'CHttpException' with message 'Unable to resolve the request "controller/action".' in C:\wamp\www\framework\web\CWebApplication.php:280
Stack trace:
#0 C:\wamp\www\framework\web\CWebApplication.php(135): CWebApplication->runController('controller/acti...')
#1 C:\wamp\www\framework\base\CApplication.php(162): CWebApplication->processRequest()
#2 C:\wamp\www\htdocs\harvweb\index.php(13): CApplication->run()
#3 {main}
REQUEST_URI=/harvweb/index.php/controller/action
HTTP_REFERER=http://localhost:8080/harvweb/index.php/budget
---
2012/06/24 11:13:21 [error] [exception.CHttpException.404] exception 'CHttpException' with message 'Unable to resolve the request "controller/action".' in C:\wamp\www\framework\web\CWebApplication.php:280
Stack trace:
#0 C:\wamp\www\framework\web\CWebApplication.php(135): CWebApplication->runController('controller/acti...')
#1 C:\wamp\www\framework\base\CApplication.php(162): CWebApplication->processRequest()
#2 C:\wamp\www\htdocs\harvweb\index.php(13): CApplication->run()
#3 {main}
REQUEST_URI=/harvweb/index.php/controller/action
HTTP_REFERER=http://localhost:8080/harvweb/index.php/budget
---
2012/06/24 11:13:30 [error] [exception.CHttpException.404] exception 'CHttpException' with message 'The system is unable to find the requested action "menu".' in C:\wamp\www\framework\web\CController.php:484
Stack trace:
#0 C:\wamp\www\framework\web\CController.php(271): CController->missingAction('menu')
#1 C:\wamp\www\framework\web\CWebApplication.php(276): CController->run('menu')
#2 C:\wamp\www\framework\web\CWebApplication.php(135): CWebApplication->runController('budget/menu')
#3 C:\wamp\www\framework\base\CApplication.php(162): CWebApplication->processRequest()
#4 C:\wamp\www\htdocs\harvweb\index.php(13): CApplication->run()
#5 {main}
REQUEST_URI=/harvweb/index.php/budget/menu
HTTP_REFERER=http://localhost:8080/harvweb/index.php/budget
---
2012/06/24 11:13:53 [error] [exception.CHttpException.404] exception 'CHttpException' with message 'Unable to resolve the request "menu".' in C:\wamp\www\framework\web\CWebApplication.php:280
Stack trace:
#0 C:\wamp\www\framework\web\CWebApplication.php(135): CWebApplication->runController('menu')
#1 C:\wamp\www\framework\base\CApplication.php(162): CWebApplication->processRequest()
#2 C:\wamp\www\htdocs\harvweb\index.php(13): CApplication->run()
#3 {main}
REQUEST_URI=/harvweb/index.php/menu
HTTP_REFERER=http://localhost:8080/harvweb/index.php/budget
---
2012/06/24 11:14:41 [error] [exception.CHttpException.404] exception 'CHttpException' with message 'Unable to resolve the request "menu".' in C:\wamp\www\framework\web\CWebApplication.php:280
Stack trace:
#0 C:\wamp\www\framework\web\CWebApplication.php(135): CWebApplication->runController('menu')
#1 C:\wamp\www\framework\base\CApplication.php(162): CWebApplication->processRequest()
#2 C:\wamp\www\htdocs\harvweb\index.php(13): CApplication->run()
#3 {main}
REQUEST_URI=/harvweb/index.php/menu
HTTP_REFERER=http://localhost:8080/harvweb/index.php/budget
---
2012/06/24 11:17:58 [error] [exception.CHttpException.404] exception 'CHttpException' with message 'The system is unable to find the requested action "Menu".' in C:\wamp\www\framework\web\CController.php:484
Stack trace:
#0 C:\wamp\www\framework\web\CController.php(271): CController->missingAction('Menu')
#1 C:\wamp\www\framework\web\CWebApplication.php(276): CController->run('Menu')
#2 C:\wamp\www\framework\web\CWebApplication.php(135): CWebApplication->runController('site/Menu')
#3 C:\wamp\www\framework\base\CApplication.php(162): CWebApplication->processRequest()
#4 C:\wamp\www\htdocs\harvweb\index.php(13): CApplication->run()
#5 {main}
REQUEST_URI=/harvweb/index.php/site/Menu
HTTP_REFERER=http://localhost:8080/harvweb/index.php/Budget
---
2012/06/24 11:18:14 [error] [exception.CHttpException.404] exception 'CHttpException' with message 'The system is unable to find the requested action "Menu".' in C:\wamp\www\framework\web\CController.php:484
Stack trace:
#0 C:\wamp\www\framework\web\CController.php(271): CController->missingAction('Menu')
#1 C:\wamp\www\framework\web\CWebApplication.php(276): CController->run('Menu')
#2 C:\wamp\www\framework\web\CWebApplication.php(135): CWebApplication->runController('site/Menu')
#3 C:\wamp\www\framework\base\CApplication.php(162): CWebApplication->processRequest()
#4 C:\wamp\www\htdocs\harvweb\index.php(13): CApplication->run()
#5 {main}
REQUEST_URI=/harvweb/index.php/site/Menu
HTTP_REFERER=http://localhost:8080/harvweb/index.php/Budget
---
2012/06/24 11:41:41 [error] [php] Undefined variable: Budget (C:\wamp\www\htdocs\harvweb\protected\views\budget\index.php:17)
Stack trace:
#0 C:\wamp\www\framework\web\CController.php(870): BudgetController->renderFile()
#1 C:\wamp\www\framework\web\CController.php(783): BudgetController->renderPartial()
#2 C:\wamp\www\htdocs\harvweb\protected\controllers\BudgetController.php(7): BudgetController->render()
#3 C:\wamp\www\framework\web\actions\CInlineAction.php(50): BudgetController->actionIndex()
#4 C:\wamp\www\framework\web\CController.php(309): CInlineAction->runWithParams()
#5 C:\wamp\www\framework\web\CController.php(287): BudgetController->runAction()
#6 C:\wamp\www\framework\web\CController.php(266): BudgetController->runActionWithFilters()
#7 C:\wamp\www\framework\web\CWebApplication.php(276): BudgetController->run()
#8 C:\wamp\www\framework\web\CWebApplication.php(135): CWebApplication->runController()
#9 C:\wamp\www\framework\base\CApplication.php(162): CWebApplication->processRequest()
#10 C:\wamp\www\htdocs\harvweb\index.php(13): CWebApplication->run()
REQUEST_URI=/harvweb/index.php/Budget
in C:\wamp\www\htdocs\harvweb\protected\views\budget\index.php (17)
in C:\wamp\www\htdocs\harvweb\protected\controllers\BudgetController.php (7)
in C:\wamp\www\htdocs\harvweb\index.php (13)
2012/06/24 11:42:35 [error] [exception.CException] exception 'CException' with message 'Property "Budget.name" is not defined.' in C:\wamp\www\framework\base\CComponent.php:131
Stack trace:
#0 C:\wamp\www\framework\db\ar\CActiveRecord.php(144): CComponent->__get('name')
#1 C:\wamp\www\htdocs\harvweb\protected\views\site\index.php(40): CActiveRecord->__get('name')
#2 C:\wamp\www\framework\web\CBaseController.php(127): require('C:\wamp\www\htd...')
#3 C:\wamp\www\framework\web\CBaseController.php(96): CBaseController->renderInternal('C:\wamp\www\htd...', Array, true)
#4 C:\wamp\www\framework\web\CController.php(870): CBaseController->renderFile('C:\wamp\www\htd...', Array, true)
#5 C:\wamp\www\framework\web\CController.php(783): CController->renderPartial('index', Array, true)
#6 C:\wamp\www\htdocs\harvweb\protected\controllers\SiteController.php(35): CController->render('index', Array)
#7 C:\wamp\www\framework\web\actions\CInlineAction.php(50): SiteController->actionIndex()
#8 C:\wamp\www\framework\web\CController.php(309): CInlineAction->runWithParams(Array)
#9 C:\wamp\www\framework\web\CController.php(287): CController->runAction(Object(CInlineAction))
#10 C:\wamp\www\framework\web\CController.php(266): CController->runActionWithFilters(Object(CInlineAction), Array)
#11 C:\wamp\www\framework\web\CWebApplication.php(276): CController->run('index')
#12 C:\wamp\www\framework\web\CWebApplication.php(135): CWebApplication->runController('site/index')
#13 C:\wamp\www\framework\base\CApplication.php(162): CWebApplication->processRequest()
#14 C:\wamp\www\htdocs\harvweb\index.php(13): CApplication->run()
#15 {main}
REQUEST_URI=/harvweb/index.php/site/index
HTTP_REFERER=http://localhost:8080/harvweb/index.php/Budget
---
2012/06/24 11:45:46 [error] [exception.CException] exception 'CException' with message 'Property "Budget.name" is not defined.' in C:\wamp\www\framework\base\CComponent.php:131
Stack trace:
#0 C:\wamp\www\framework\db\ar\CActiveRecord.php(144): CComponent->__get('name')
#1 C:\wamp\www\htdocs\harvweb\protected\views\site\index.php(42): CActiveRecord->__get('name')
#2 C:\wamp\www\framework\web\CBaseController.php(127): require('C:\wamp\www\htd...')
#3 C:\wamp\www\framework\web\CBaseController.php(96): CBaseController->renderInternal('C:\wamp\www\htd...', Array, true)
#4 C:\wamp\www\framework\web\CController.php(870): CBaseController->renderFile('C:\wamp\www\htd...', Array, true)
#5 C:\wamp\www\framework\web\CController.php(783): CController->renderPartial('index', Array, true)
#6 C:\wamp\www\htdocs\harvweb\protected\controllers\SiteController.php(35): CController->render('index', Array)
#7 C:\wamp\www\framework\web\actions\CInlineAction.php(50): SiteController->actionIndex()
#8 C:\wamp\www\framework\web\CController.php(309): CInlineAction->runWithParams(Array)
#9 C:\wamp\www\framework\web\CController.php(287): CController->runAction(Object(CInlineAction))
#10 C:\wamp\www\framework\web\CController.php(266): CController->runActionWithFilters(Object(CInlineAction), Array)
#11 C:\wamp\www\framework\web\CWebApplication.php(276): CController->run('index')
#12 C:\wamp\www\framework\web\CWebApplication.php(135): CWebApplication->runController('site/index')
#13 C:\wamp\www\framework\base\CApplication.php(162): CWebApplication->processRequest()
#14 C:\wamp\www\htdocs\harvweb\index.php(13): CApplication->run()
#15 {main}
REQUEST_URI=/harvweb/index.php/site/index
HTTP_REFERER=http://localhost:8080/harvweb/index.php/Budget
---
2012/06/24 11:52:19 [error] [php] Object of class CInlineAction could not be converted to string (C:\wamp\www\htdocs\harvweb\protected\views\budget\index.php:6)
Stack trace:
#0 C:\wamp\www\framework\web\CController.php(870): BudgetController->renderFile()
#1 C:\wamp\www\framework\web\CController.php(783): BudgetController->renderPartial()
#2 C:\wamp\www\htdocs\harvweb\protected\controllers\BudgetController.php(10): BudgetController->render()
#3 C:\wamp\www\framework\web\actions\CInlineAction.php(50): BudgetController->actionIndex()
#4 C:\wamp\www\framework\web\CController.php(309): CInlineAction->runWithParams()
#5 C:\wamp\www\framework\web\CController.php(287): BudgetController->runAction()
#6 C:\wamp\www\framework\web\CController.php(266): BudgetController->runActionWithFilters()
#7 C:\wamp\www\framework\web\CWebApplication.php(276): BudgetController->run()
#8 C:\wamp\www\framework\web\CWebApplication.php(135): CWebApplication->runController()
#9 C:\wamp\www\framework\base\CApplication.php(162): CWebApplication->processRequest()
#10 C:\wamp\www\htdocs\harvweb\index.php(13): CWebApplication->run()
REQUEST_URI=/harvweb/index.php/Budget
in C:\wamp\www\htdocs\harvweb\protected\views\budget\index.php (6)
in C:\wamp\www\htdocs\harvweb\protected\controllers\BudgetController.php (10)
in C:\wamp\www\htdocs\harvweb\index.php (13)
2012/06/24 11:52:44 [error] [php] Object of class CInlineAction could not be converted to string (C:\wamp\www\htdocs\harvweb\protected\views\budget\index.php:6)
Stack trace:
#0 C:\wamp\www\framework\web\CController.php(870): BudgetController->renderFile()
#1 C:\wamp\www\framework\web\CController.php(783): BudgetController->renderPartial()
#2 C:\wamp\www\htdocs\harvweb\protected\controllers\BudgetController.php(10): BudgetController->render()
#3 C:\wamp\www\framework\web\actions\CInlineAction.php(50): BudgetController->actionIndex()
#4 C:\wamp\www\framework\web\CController.php(309): CInlineAction->runWithParams()
#5 C:\wamp\www\framework\web\CController.php(287): BudgetController->runAction()
#6 C:\wamp\www\framework\web\CController.php(266): BudgetController->runActionWithFilters()
#7 C:\wamp\www\framework\web\CWebApplication.php(276): BudgetController->run()
#8 C:\wamp\www\framework\web\CWebApplication.php(135): CWebApplication->runController()
#9 C:\wamp\www\framework\base\CApplication.php(162): CWebApplication->processRequest()
#10 C:\wamp\www\htdocs\harvweb\index.php(13): CWebApplication->run()
REQUEST_URI=/harvweb/index.php/Budget
in C:\wamp\www\htdocs\harvweb\protected\views\budget\index.php (6)
in C:\wamp\www\htdocs\harvweb\protected\controllers\BudgetController.php (10)
in C:\wamp\www\htdocs\harvweb\index.php (13)
2012/06/24 12:25:59 [error] [php] include(Post.php) [<a href='function.include'>function.include</a>]: failed to open stream: No such file or directory (C:\wamp\www\framework\YiiBase.php:418)
Stack trace:
#0 C:\wamp\www\framework\db\ar\CActiveRecord.php(378): spl_autoload_call()
#1 C:\wamp\www\framework\web\CActiveDataProvider.php(75): model()
#2 C:\wamp\www\htdocs\harvweb\protected\views\budget\index.php(8): CActiveDataProvider->__construct()
#3 C:\wamp\www\framework\web\CBaseController.php(127): require()
#4 C:\wamp\www\framework\web\CBaseController.php(96): BudgetController->renderInternal()
#5 C:\wamp\www\framework\web\CController.php(870): BudgetController->renderFile()
#6 C:\wamp\www\framework\web\CController.php(783): BudgetController->renderPartial()
#7 C:\wamp\www\htdocs\harvweb\protected\controllers\BudgetController.php(10): BudgetController->render()
#8 C:\wamp\www\framework\web\actions\CInlineAction.php(50): BudgetController->actionIndex()
#9 C:\wamp\www\framework\web\CController.php(309): CInlineAction->runWithParams()
#10 C:\wamp\www\framework\web\CController.php(287): BudgetController->runAction()
#11 C:\wamp\www\framework\web\CController.php(266): BudgetController->runActionWithFilters()
#12 C:\wamp\www\framework\web\CWebApplication.php(276): BudgetController->run()
#13 C:\wamp\www\framework\web\CWebApplication.php(135): CWebApplication->runController()
#14 C:\wamp\www\framework\base\CApplication.php(162): CWebApplication->processRequest()
#15 C:\wamp\www\htdocs\harvweb\index.php(13): CWebApplication->run()
REQUEST_URI=/harvweb/index.php/Budget
in C:\wamp\www\htdocs\harvweb\protected\views\budget\index.php (8)
in C:\wamp\www\htdocs\harvweb\protected\controllers\BudgetController.php (10)
in C:\wamp\www\htdocs\harvweb\index.php (13)
2012/06/24 12:27:18 [error] [exception.CException] exception 'CException' with message 'Property "CGridView.0" is not defined.' in C:\wamp\www\framework\base\CComponent.php:174
Stack trace:
#0 C:\wamp\www\framework\web\CWidgetFactory.php(162): CComponent->__set('0', Array)
#1 C:\wamp\www\framework\web\CBaseController.php(147): CWidgetFactory->createWidget(Object(BudgetController), 'zii.widgets.gri...', Array)
#2 C:\wamp\www\framework\web\CBaseController.php(173): CBaseController->createWidget('zii.widgets.gri...', Array)
#3 C:\wamp\www\htdocs\harvweb\protected\views\budget\index.php(10): CBaseController->widget('zii.widgets.gri...', Array)
#4 C:\wamp\www\framework\web\CBaseController.php(127): require('C:\wamp\www\htd...')
#5 C:\wamp\www\framework\web\CBaseController.php(96): CBaseController->renderInternal('C:\wamp\www\htd...', Array, true)
#6 C:\wamp\www\framework\web\CController.php(870): CBaseController->renderFile('C:\wamp\www\htd...', Array, true)
#7 C:\wamp\www\framework\web\CController.php(783): CController->renderPartial('index', Array, true)
#8 C:\wamp\www\htdocs\harvweb\protected\controllers\BudgetController.php(10): CController->render('index', Array)
#9 C:\wamp\www\framework\web\actions\CInlineAction.php(50): BudgetController->actionIndex()
#10 C:\wamp\www\framework\web\CController.php(309): CInlineAction->runWithParams(Array)
#11 C:\wamp\www\framework\web\CController.php(287): CController->runAction(Object(CInlineAction))
#12 C:\wamp\www\framework\web\CController.php(266): CController->runActionWithFilters(Object(CInlineAction), Array)
#13 C:\wamp\www\framework\web\CWebApplication.php(276): CController->run('')
#14 C:\wamp\www\framework\web\CWebApplication.php(135): CWebApplication->runController('Budget')
#15 C:\wamp\www\framework\base\CApplication.php(162): CWebApplication->processRequest()
#16 C:\wamp\www\htdocs\harvweb\index.php(13): CApplication->run()
#17 {main}
REQUEST_URI=/harvweb/index.php/Budget
HTTP_REFERER=http://localhost:8080/harvweb/index.php/site/index
---
2012/06/24 12:29:08 [error] [php] Undefined variable: provider (C:\wamp\www\htdocs\harvweb\protected\views\budget\index.php:12)
Stack trace:
#0 C:\wamp\www\framework\web\CController.php(870): BudgetController->renderFile()
#1 C:\wamp\www\framework\web\CController.php(783): BudgetController->renderPartial()
#2 C:\wamp\www\htdocs\harvweb\protected\controllers\BudgetController.php(10): BudgetController->render()
#3 C:\wamp\www\framework\web\actions\CInlineAction.php(50): BudgetController->actionIndex()
#4 C:\wamp\www\framework\web\CController.php(309): CInlineAction->runWithParams()
#5 C:\wamp\www\framework\web\CController.php(287): BudgetController->runAction()
#6 C:\wamp\www\framework\web\CController.php(266): BudgetController->runActionWithFilters()
#7 C:\wamp\www\framework\web\CWebApplication.php(276): BudgetController->run()
#8 C:\wamp\www\framework\web\CWebApplication.php(135): CWebApplication->runController()
#9 C:\wamp\www\framework\base\CApplication.php(162): CWebApplication->processRequest()
#10 C:\wamp\www\htdocs\harvweb\index.php(13): CWebApplication->run()
REQUEST_URI=/harvweb/index.php/Budget
in C:\wamp\www\htdocs\harvweb\protected\views\budget\index.php (12)
in C:\wamp\www\htdocs\harvweb\protected\controllers\BudgetController.php (10)
in C:\wamp\www\htdocs\harvweb\index.php (13)
2012/06/24 13:00:17 [error] [php] Undefined variable: model (C:\wamp\www\htdocs\harvweb\protected\views\budget\index.php:11)
Stack trace:
#0 C:\wamp\www\framework\web\CController.php(870): BudgetController->renderFile()
#1 C:\wamp\www\framework\web\CController.php(783): BudgetController->renderPartial()
#2 C:\wamp\www\htdocs\harvweb\protected\controllers\BudgetController.php(10): BudgetController->render()
#3 C:\wamp\www\framework\web\actions\CInlineAction.php(50): BudgetController->actionIndex()
#4 C:\wamp\www\framework\web\CController.php(309): CInlineAction->runWithParams()
#5 C:\wamp\www\framework\web\CController.php(287): BudgetController->runAction()
#6 C:\wamp\www\framework\web\CController.php(266): BudgetController->runActionWithFilters()
#7 C:\wamp\www\framework\web\CWebApplication.php(276): BudgetController->run()
#8 C:\wamp\www\framework\web\CWebApplication.php(135): CWebApplication->runController()
#9 C:\wamp\www\framework\base\CApplication.php(162): CWebApplication->processRequest()
#10 C:\wamp\www\htdocs\harvweb\index.php(13): CWebApplication->run()
REQUEST_URI=/harvweb/index.php/Budget
in C:\wamp\www\htdocs\harvweb\protected\views\budget\index.php (11)
in C:\wamp\www\htdocs\harvweb\protected\controllers\BudgetController.php (10)
in C:\wamp\www\htdocs\harvweb\index.php (13)
2012/06/24 13:01:02 [error] [php] Undefined variable: p_budget (C:\wamp\www\htdocs\harvweb\protected\views\budget\index.php:11)
Stack trace:
#0 C:\wamp\www\framework\web\CController.php(870): BudgetController->renderFile()
#1 C:\wamp\www\framework\web\CController.php(783): BudgetController->renderPartial()
#2 C:\wamp\www\htdocs\harvweb\protected\controllers\BudgetController.php(10): BudgetController->render()
#3 C:\wamp\www\framework\web\actions\CInlineAction.php(50): BudgetController->actionIndex()
#4 C:\wamp\www\framework\web\CController.php(309): CInlineAction->runWithParams()
#5 C:\wamp\www\framework\web\CController.php(287): BudgetController->runAction()
#6 C:\wamp\www\framework\web\CController.php(266): BudgetController->runActionWithFilters()
#7 C:\wamp\www\framework\web\CWebApplication.php(276): BudgetController->run()
#8 C:\wamp\www\framework\web\CWebApplication.php(135): CWebApplication->runController()
#9 C:\wamp\www\framework\base\CApplication.php(162): CWebApplication->processRequest()
#10 C:\wamp\www\htdocs\harvweb\index.php(13): CWebApplication->run()
REQUEST_URI=/harvweb/index.php/Budget
in C:\wamp\www\htdocs\harvweb\protected\views\budget\index.php (11)
in C:\wamp\www\htdocs\harvweb\protected\controllers\BudgetController.php (10)
in C:\wamp\www\htdocs\harvweb\index.php (13)
2012/06/24 13:11:58 [error] [php] Undefined variable: p_budget (C:\wamp\www\htdocs\harvweb\protected\views\budget\index.php:11)
Stack trace:
#0 C:\wamp\www\framework\web\CController.php(870): BudgetController->renderFile()
#1 C:\wamp\www\framework\web\CController.php(783): BudgetController->renderPartial()
#2 C:\wamp\www\htdocs\harvweb\protected\controllers\BudgetController.php(10): BudgetController->render()
#3 C:\wamp\www\framework\web\actions\CInlineAction.php(50): BudgetController->actionIndex()
#4 C:\wamp\www\framework\web\CController.php(309): CInlineAction->runWithParams()
#5 C:\wamp\www\framework\web\CController.php(287): BudgetController->runAction()
#6 C:\wamp\www\framework\web\CController.php(266): BudgetController->runActionWithFilters()
#7 C:\wamp\www\framework\web\CWebApplication.php(276): BudgetController->run()
#8 C:\wamp\www\framework\web\CWebApplication.php(135): CWebApplication->runController()
#9 C:\wamp\www\framework\base\CApplication.php(162): CWebApplication->processRequest()
#10 C:\wamp\www\htdocs\harvweb\index.php(13): CWebApplication->run()
REQUEST_URI=/harvweb/index.php/budget
in C:\wamp\www\htdocs\harvweb\protected\views\budget\index.php (11)
in C:\wamp\www\htdocs\harvweb\protected\controllers\BudgetController.php (10)
in C:\wamp\www\htdocs\harvweb\index.php (13)
2012/06/25 12:00:09 [error] [php] Undefined index: APPLICATION_ENV (C:\wamp\www\htdocs\harvweb\protected\views\site\index.php:2)
Stack trace:
#0 C:\wamp\www\framework\web\CController.php(870): SiteController->renderFile()
#1 C:\wamp\www\framework\web\CController.php(783): SiteController->renderPartial()
#2 C:\wamp\www\htdocs\harvweb\protected\controllers\SiteController.php(32): SiteController->render()
#3 C:\wamp\www\framework\web\actions\CInlineAction.php(50): SiteController->actionIndex()
#4 C:\wamp\www\framework\web\CController.php(309): CInlineAction->runWithParams()
#5 C:\wamp\www\framework\web\CController.php(287): SiteController->runAction()
#6 C:\wamp\www\framework\web\CController.php(266): SiteController->runActionWithFilters()
#7 C:\wamp\www\framework\web\CWebApplication.php(276): SiteController->run()
#8 C:\wamp\www\framework\web\CWebApplication.php(135): CWebApplication->runController()
#9 C:\wamp\www\framework\base\CApplication.php(162): CWebApplication->processRequest()
#10 C:\wamp\www\htdocs\harvweb\index.php(13): CWebApplication->run()
REQUEST_URI=/harvweb/
in C:\wamp\www\htdocs\harvweb\protected\views\site\index.php (2)
in C:\wamp\www\htdocs\harvweb\protected\controllers\SiteController.php (32)
in C:\wamp\www\htdocs\harvweb\index.php (13)
2012/06/25 12:46:36 [error] [php] Undefined index: APPLICATION_ENV (C:\wamp\www\htdocs\harvweb\protected\views\site\index.php:2)
Stack trace:
#0 C:\wamp\www\framework\web\CController.php(870): SiteController->renderFile()
#1 C:\wamp\www\framework\web\CController.php(783): SiteController->renderPartial()
#2 C:\wamp\www\htdocs\harvweb\protected\controllers\SiteController.php(32): SiteController->render()
#3 C:\wamp\www\framework\web\actions\CInlineAction.php(50): SiteController->actionIndex()
#4 C:\wamp\www\framework\web\CController.php(309): CInlineAction->runWithParams()
#5 C:\wamp\www\framework\web\CController.php(287): SiteController->runAction()
#6 C:\wamp\www\framework\web\CController.php(266): SiteController->runActionWithFilters()
#7 C:\wamp\www\framework\web\CWebApplication.php(276): SiteController->run()
#8 C:\wamp\www\framework\web\CWebApplication.php(135): CWebApplication->runController()
#9 C:\wamp\www\framework\base\CApplication.php(162): CWebApplication->processRequest()
#10 C:\wamp\www\htdocs\harvweb\index.php(13): CWebApplication->run()
REQUEST_URI=/harvweb/
in C:\wamp\www\htdocs\harvweb\protected\views\site\index.php (2)
in C:\wamp\www\htdocs\harvweb\protected\controllers\SiteController.php (32)
in C:\wamp\www\htdocs\harvweb\index.php (13)
2012/06/25 12:47:01 [error] [php] Undefined index: APPLICATION_ENV (C:\wamp\www\htdocs\harvweb\protected\views\site\index.php:2)
Stack trace:
#0 C:\wamp\www\framework\web\CController.php(870): SiteController->renderFile()
#1 C:\wamp\www\framework\web\CController.php(783): SiteController->renderPartial()
#2 C:\wamp\www\htdocs\harvweb\protected\controllers\SiteController.php(32): SiteController->render()
#3 C:\wamp\www\framework\web\actions\CInlineAction.php(50): SiteController->actionIndex()
#4 C:\wamp\www\framework\web\CController.php(309): CInlineAction->runWithParams()
#5 C:\wamp\www\framework\web\CController.php(287): SiteController->runAction()
#6 C:\wamp\www\framework\web\CController.php(266): SiteController->runActionWithFilters()
#7 C:\wamp\www\framework\web\CWebApplication.php(276): SiteController->run()
#8 C:\wamp\www\framework\web\CWebApplication.php(135): CWebApplication->runController()
#9 C:\wamp\www\framework\base\CApplication.php(162): CWebApplication->processRequest()
#10 C:\wamp\www\htdocs\harvweb\index.php(13): CWebApplication->run()
REQUEST_URI=/harvweb/
in C:\wamp\www\htdocs\harvweb\protected\views\site\index.php (2)
in C:\wamp\www\htdocs\harvweb\protected\controllers\SiteController.php (32)
in C:\wamp\www\htdocs\harvweb\index.php (13)
2012/06/25 12:47:09 [error] [php] Undefined index: APPLICATION_ENV (C:\wamp\www\htdocs\harvweb\protected\views\site\index.php:2)
Stack trace:
#0 C:\wamp\www\framework\web\CController.php(870): SiteController->renderFile()
#1 C:\wamp\www\framework\web\CController.php(783): SiteController->renderPartial()
#2 C:\wamp\www\htdocs\harvweb\protected\controllers\SiteController.php(32): SiteController->render()
#3 C:\wamp\www\framework\web\actions\CInlineAction.php(50): SiteController->actionIndex()
#4 C:\wamp\www\framework\web\CController.php(309): CInlineAction->runWithParams()
#5 C:\wamp\www\framework\web\CController.php(287): SiteController->runAction()
#6 C:\wamp\www\framework\web\CController.php(266): SiteController->runActionWithFilters()
#7 C:\wamp\www\framework\web\CWebApplication.php(276): SiteController->run()
#8 C:\wamp\www\framework\web\CWebApplication.php(135): CWebApplication->runController()
#9 C:\wamp\www\framework\base\CApplication.php(162): CWebApplication->processRequest()
#10 C:\wamp\www\htdocs\harvweb\index.php(13): CWebApplication->run()
REQUEST_URI=/harvweb/
in C:\wamp\www\htdocs\harvweb\protected\views\site\index.php (2)
in C:\wamp\www\htdocs\harvweb\protected\controllers\SiteController.php (32)
in C:\wamp\www\htdocs\harvweb\index.php (13)
2012/06/25 13:11:37 [error] [php] Undefined index: APPLICATION_ENV (C:\wamp\www\htdocs\harvweb\protected\views\site\index.php:2)
Stack trace:
#0 C:\wamp\www\framework\web\CController.php(870): SiteController->renderFile()
#1 C:\wamp\www\framework\web\CController.php(783): SiteController->renderPartial()
#2 C:\wamp\www\htdocs\harvweb\protected\controllers\SiteController.php(32): SiteController->render()
#3 C:\wamp\www\framework\web\actions\CInlineAction.php(50): SiteController->actionIndex()
#4 C:\wamp\www\framework\web\CController.php(309): CInlineAction->runWithParams()
#5 C:\wamp\www\framework\web\CController.php(287): SiteController->runAction()
#6 C:\wamp\www\framework\web\CController.php(266): SiteController->runActionWithFilters()
#7 C:\wamp\www\framework\web\CWebApplication.php(276): SiteController->run()
#8 C:\wamp\www\framework\web\CWebApplication.php(135): CWebApplication->runController()
#9 C:\wamp\www\framework\base\CApplication.php(162): CWebApplication->processRequest()
#10 C:\wamp\www\htdocs\harvweb\index.php(13): CWebApplication->run()
REQUEST_URI=/harvweb/
in C:\wamp\www\htdocs\harvweb\protected\views\site\index.php (2)
in C:\wamp\www\htdocs\harvweb\protected\controllers\SiteController.php (32)
in C:\wamp\www\htdocs\harvweb\index.php (13)
